<?xml version="1.0" encoding="UTF-8"?>
<testsuite xmlns:xsi="http://www.w3.org/2001/XMLSchema-instance" xsi:noNamespaceSchemaLocation="https://maven.apache.org/surefire/maven-surefire-plugin/xsd/surefire-test-report-3.0.xsd" version="3.0" name="GameStateTest" time="0.177" tests="43" errors="0" skipped="0" failures="0">
  <properties>
[...]
</properties>
  <testcase name="wrapsBottomToTop" classname="GameStateTest" time="0.024"/>
  <testcase name="wrapsRightToLeft" classname="GameStateTest" time="0.001"/>
  <testcase name="getSnakeReturnsDefensiveCopy" classname="GameStateTest" time="0.001"/>
  <testcase name="initRestoresSnakeLength" classname="GameStateTest" time="0.001"/>
  <testcase name="initialSnakeHasThreeSegments" classname="GameStateTest" time="0.002"/>
  <testcase name="initialGameNotOver" classname="GameStateTest" time="0.001"/>
  <testcase name="initResetsScore" classname="GameStateTest" time="0.0"/>
  <testcase name="scoreIncreasesBy10WhenFoodEaten" classname="GameStateTest" time="0.001"/>
  <testcase name="lastAcceptedDirectionWins" classname="GameStateTest" time="0.003"/>
  <testcase name="initClearsGameOver" classname="GameStateTest" time="0.001"/>
  <testcase name="directionChangeAppliedOnNextTick" classname="GameStateTest" time="0.0"/>
  <testcase name="getFoodReturnsDefensiveCopy" classname="GameStateTest" time="0.001"/>
  <testcase name="movesRightByDefault" classname="GameStateTest" time="0.001"/>
  <testcase name="bodyFollowsHead" classname="GameStateTest" time="0.001"/>
  <testcase name="scoreDoesNotChangeAfterGameOver" classname="GameStateTest" time="0.001"/>
  <testcase name="gridSizeReported" classname="GameStateTest" time="0.001"/>
  <testcase name="perpendicularDirectionIsAccepted" classname="GameStateTest" time="0.001"/>
  <testcase name="initialSnakeBodyLayout" classname="GameStateTest" time="0.001"/>
  <testcase name="snakeGrowsOnFoodEaten" classname="GameStateTest" time="0.001"/>
  <testcase name="initRestoresSnakeHeadPosition" classname="GameStateTest" time="0.0"/>
  <testcase name="initialFoodWithinGridBounds" classname="GameStateTest" time="0.005"/>
  <testcase name="newFoodSpawnsAfterEating" classname="GameStateTest" time="0.001"/>
  <testcase name="wrapsLeftToRight" classname="GameStateTest" time="0.0"/>
  <testcase name="scoreAccumulatesOverMultipleEats" classname="GameStateTest" time="0.001"/>
  <testcase name="initialDirectionIsRight" classname="GameStateTest" time="0.001"/>
  <testcase name="gameOverOnSelfCollision" classname="GameStateTest" time="0.001"/>
  <testcase name="initialFoodNotOnSnake" classname="GameStateTest" time="0.001"/>
  <testcase name="initialSnakeHeadPosition" classname="GameStateTest" time="0.001"/>
  <testcase name="spawnFoodNeverOnSnake" classname="GameStateTest" time="0.002"/>
  <testcase name="initRestoresDirection" classname="GameStateTest" time="0.0"/>
  <testcase name="movesDown" classname="GameStateTest" time="0.0"/>
  <testcase name="movesLeft" classname="GameStateTest" time="0.0"/>
  <testcase name="newFoodNotOnSnakeAfterEating" classname="GameStateTest" time="0.001"/>
  <testcase name="movesUp" classname="GameStateTest" time="0.001"/>
  <testcase name="snakeLengthUnchangedWhenNotEating" classname="GameStateTest" time="0.001"/>
  <testcase name="cannotReverseDirection(int, int)[1]" classname="GameStateTest" time="0.017"/>
  <testcase name="cannotReverseDirection(int, int)[2]" classname="GameStateTest" time="0.001"/>
  <testcase name="cannotReverseDirection(int, int)[3]" classname="GameStateTest" time="0.001"/>
  <testcase name="cannotReverseDirection(int, int)[4]" classname="GameStateTest" time="0.001"/>
  <testcase name="spawnFoodWithinGridBounds" classname="GameStateTest" time="0.001"/>
  <testcase name="wrapsTopToBottom" classname="GameStateTest" time="0.0"/>
  <testcase name="initialScoreIsZero" classname="GameStateTest" time="0.0"/>
  <testcase name="tickIsNoOpAfterGameOver" classname="GameStateTest" time="0.001"/>
</testsuite>